<?xml version="1.0" encoding="UTF-8"?>
<!-- Generated by org.testng.reporters.JUnitReportReporter -->
<testsuite hostname="LAPTOP-28KS5UKO" failures="0" tests="1" name="com.vk.test.firstTest" time="9.186" errors="0" timestamp="2022-01-08T18:21:00 IST" skipped="0">
  <testcase classname="com.vk.test.firstTest" name="testFacebook" time="9.186"/>
  <system-out/>
</testsuite> <!-- com.vk.test.firstTest -->
