<?xml version="1.0" encoding="UTF-8"?>
<!-- Generated by org.testng.reporters.JUnitReportReporter -->
<testsuite hostname="LAPTOP-28KS5UKO" failures="0" tests="3" name="com.vk.groupTest.ignoreTest1" time="0.007" errors="0" timestamp="2022-01-13T16:55:39 IST" skipped="0">
  <testcase classname="com.vk.groupTest.ignoreTest1" name="test2" time="0.001"/>
  <system-out/>
  <testcase classname="com.vk.groupTest.ignoreTest1" name="test3" time="0.001"/>
  <system-out/>
  <testcase classname="com.vk.groupTest.ignoreTest1" name="test1" time="0.005"/>
  <system-out/>
</testsuite> <!-- com.vk.groupTest.ignoreTest1 -->
