<?xml version="1.0" encoding="UTF-8"?>
<!-- Generated by org.testng.reporters.JUnitReportReporter -->
<testsuite hostname="LAPTOP-28KS5UKO" failures="0" tests="3" name="com.vk.test.OrangeHRM" time="10.752" errors="0" timestamp="2022-02-09T14:49:39 IST" skipped="0">
  <testcase classname="com.vk.test.OrangeHRM" name="launchApp" time="4.862"/>
  <system-out/>
  <testcase classname="com.vk.test.OrangeHRM" name="verifyLogin" time="0.124"/>
  <system-out/>
  <testcase classname="com.vk.test.OrangeHRM" name="loginDetails" time="5.766"/>
  <system-out/>
</testsuite> <!-- com.vk.test.OrangeHRM -->
