<?xml version="1.0" encoding="UTF-8"?>
<!-- Generated by org.testng.reporters.JUnitReportReporter -->
<testsuite hostname="LAPTOP-28KS5UKO" failures="0" tests="3" name="com.vk.demoTest.ignoreTest2" time="0.008" errors="0" timestamp="2022-01-11T09:21:52 IST" skipped="1">
  <testcase classname="com.vk.demoTest.ignoreTest2" name="test6" time="0.001"/>
  <system-out/>
  <testcase classname="com.vk.demoTest.ignoreTest2" name="test5" time="0.007"/>
  <system-out/>
  <testcase classname="com.vk.demoTest.ignoreTest2" name="test4">
    <skipped/>
  </testcase> <!-- test4 -->
  <system-out/>
</testsuite> <!-- com.vk.demoTest.ignoreTest2 -->
