<?xml version="1.0" encoding="UTF-8"?>
<!-- Generated by org.testng.reporters.JUnitReportReporter -->
<testsuite hostname="LAPTOP-28KS5UKO" failures="0" tests="3" name="com.vk.dataProvider.indices" time="0.008" errors="0" timestamp="2022-01-18T10:51:58 IST" skipped="0">
  <testcase classname="com.vk.dataProvider.indices" name="testParameterType" time="0.007"/>
  <system-out/>
  <testcase classname="com.vk.dataProvider.indices" name="testParameterType" time="0.001"/>
  <system-out/>
  <testcase classname="com.vk.dataProvider.indices" name="testParameterType" time="0.000"/>
  <system-out/>
</testsuite> <!-- com.vk.dataProvider.indices -->
