<?xml version="1.0" encoding="UTF-8"?>
<!-- Generated by org.testng.reporters.JUnitReportReporter -->
<testsuite hostname="LAPTOP-28KS5UKO" failures="0" tests="6" name="com.vk.test.FlightBookingTest" time="0.010" errors="0" timestamp="2022-01-10T19:16:59 IST" skipped="0">
  <testcase classname="com.vk.test.FlightBookingTest" name="SignUp" time="0.006"/>
  <system-out/>
  <testcase classname="com.vk.test.FlightBookingTest" name="LogIn" time="0.001"/>
  <system-out/>
  <testcase classname="com.vk.test.FlightBookingTest" name="SearchForFlight" time="0.001"/>
  <system-out/>
  <testcase classname="com.vk.test.FlightBookingTest" name="BooktheFlight" time="0.001"/>
  <system-out/>
  <testcase classname="com.vk.test.FlightBookingTest" name="SaveTheTicket" time="0.000"/>
  <system-out/>
  <testcase classname="com.vk.test.FlightBookingTest" name="LogOut" time="0.001"/>
  <system-out/>
</testsuite> <!-- com.vk.test.FlightBookingTest -->
