<?xml version="1.0" encoding="UTF-8"?>
<!-- Generated by org.testng.reporters.JUnitReportReporter -->
<testsuite hostname="LAPTOP-28KS5UKO" failures="0" tests="4" name="com.vk.parallelTest.TestClass1" time="0.012" errors="0" timestamp="2022-01-28T20:27:42 IST" skipped="0">
  <testcase classname="com.vk.parallelTest.TestClass1" name="testMethod4" time="0.001"/>
  <system-out/>
  <testcase classname="com.vk.parallelTest.TestClass1" name="testMethod2" time="0.001"/>
  <system-out/>
  <testcase classname="com.vk.parallelTest.TestClass1" name="testMethod1" time="0.009"/>
  <system-out/>
  <testcase classname="com.vk.parallelTest.TestClass1" name="testMethod3" time="0.001"/>
  <system-out/>
</testsuite> <!-- com.vk.parallelTest.TestClass1 -->
