<?xml version="1.0" encoding="UTF-8"?>
<!-- Generated by org.testng.reporters.JUnitReportReporter -->
<testsuite hostname="LAPTOP-28KS5UKO" failures="0" tests="3" name="com.vk.parallelTest.TestClass2" time="0.011" errors="0" timestamp="2022-01-28T20:27:42 IST" skipped="0">
  <testcase classname="com.vk.parallelTest.TestClass2" name="testMethod7" time="0.001"/>
  <system-out/>
  <testcase classname="com.vk.parallelTest.TestClass2" name="testMethod6" time="0.001"/>
  <system-out/>
  <testcase classname="com.vk.parallelTest.TestClass2" name="testMethod5" time="0.009"/>
  <system-out/>
</testsuite> <!-- com.vk.parallelTest.TestClass2 -->
