<?xml version="1.0" encoding="UTF-8"?>
<!-- Generated by org.testng.reporters.JUnitReportReporter -->
<testsuite hostname="LAPTOP-28KS5UKO" failures="0" tests="7" name="com.vk.dependencyTest.groupDependency" time="0.014" errors="0" timestamp="2022-01-17T09:08:56 IST" skipped="0">
  <testcase classname="com.vk.dependencyTest.groupDependency" name="demo3" time="0.001"/>
  <system-out/>
  <testcase classname="com.vk.dependencyTest.groupDependency" name="demo2" time="0.001"/>
  <system-out/>
  <testcase classname="com.vk.dependencyTest.groupDependency" name="demo4" time="0.001"/>
  <system-out/>
  <testcase classname="com.vk.dependencyTest.groupDependency" name="demo1" time="0.009"/>
  <system-out/>
  <testcase classname="com.vk.dependencyTest.groupDependency" name="demo6" time="0.000"/>
  <system-out/>
  <testcase classname="com.vk.dependencyTest.groupDependency" name="demo5" time="0.001"/>
  <system-out/>
  <testcase classname="com.vk.dependencyTest.groupDependency" name="demo7" time="0.001"/>
  <system-out/>
</testsuite> <!-- com.vk.dependencyTest.groupDependency -->
