<?xml version="1.0" encoding="UTF-8"?>
<!-- Generated by org.testng.reporters.JUnitReportReporter -->
<testsuite hostname="LAPTOP-28KS5UKO" failures="0" tests="3" name="com.vk.invocation.testAttributes" time="29.363" errors="0" timestamp="2022-02-08T10:03:31 IST" skipped="0">
  <testcase classname="com.vk.invocation.testAttributes" name="testMethod" time="9.910"/>
  <system-out/>
  <testcase classname="com.vk.invocation.testAttributes" name="testMethod" time="9.485"/>
  <system-out/>
  <testcase classname="com.vk.invocation.testAttributes" name="testMethod" time="9.968"/>
  <system-out/>
</testsuite> <!-- com.vk.invocation.testAttributes -->
