<?xml version="1.0" encoding="UTF-8"?>
<!-- Generated by org.testng.reporters.JUnitReportReporter -->
<testsuite hostname="LAPTOP-28KS5UKO" failures="0" tests="2" name="com.vk.test.AnnotationsTest" time="0.005" errors="0" timestamp="2022-01-11T16:51:13 IST" skipped="0">
  <testcase classname="com.vk.test.AnnotationsTest" name="testMethod02" time="0.001"/>
  <system-out/>
  <testcase classname="com.vk.test.AnnotationsTest" name="testMethod01" time="0.004"/>
  <system-out/>
</testsuite> <!-- com.vk.test.AnnotationsTest -->
