<?xml version="1.0" encoding="UTF-8"?>
<!-- Generated by org.testng.reporters.JUnitReportReporter -->
<testsuite hostname="LAPTOP-28KS5UKO" failures="0" tests="7" name="com.vk.test.groupDependency" time="0.010" errors="0" timestamp="2022-01-13T17:22:53 IST" skipped="0">
  <testcase classname="com.vk.test.groupDependency" name="demo3" time="0.001"/>
  <system-out/>
  <testcase classname="com.vk.test.groupDependency" name="demo2" time="0.001"/>
  <system-out/>
  <testcase classname="com.vk.test.groupDependency" name="demo4" time="0.001"/>
  <system-out/>
  <testcase classname="com.vk.test.groupDependency" name="demo1" time="0.006"/>
  <system-out/>
  <testcase classname="com.vk.test.groupDependency" name="demo6" time="0.000"/>
  <system-out/>
  <testcase classname="com.vk.test.groupDependency" name="demo5" time="0.000"/>
  <system-out/>
  <testcase classname="com.vk.test.groupDependency" name="demo7" time="0.001"/>
  <system-out/>
</testsuite> <!-- com.vk.test.groupDependency -->
