<?xml version="1.0" encoding="UTF-8"?>
<!-- Generated by org.testng.reporters.JUnitReportReporter -->
<testsuite hostname="LAPTOP-28KS5UKO" failures="0" tests="4" name="com.vk.naveenTest.loginData" time="54.611" errors="0" timestamp="2022-02-10T09:37:06 IST" skipped="0">
  <testcase classname="com.vk.naveenTest.loginData" name="loginTest" time="7.088"/>
  <system-out/>
  <testcase classname="com.vk.naveenTest.loginData" name="loginTest" time="21.732"/>
  <system-out/>
  <testcase classname="com.vk.naveenTest.loginData" name="loginTest" time="8.247"/>
  <system-out/>
  <testcase classname="com.vk.naveenTest.loginData" name="loginTest" time="17.544"/>
  <system-out/>
</testsuite> <!-- com.vk.naveenTest.loginData -->
