<?xml version="1.0" encoding="UTF-8"?>
<!-- Generated by org.testng.reporters.JUnitReportReporter -->
<testsuite hostname="LAPTOP-28KS5UKO" failures="0" tests="2" name="com.vk.demoTest.ignoreTest1" time="0.007" errors="0" timestamp="2022-01-11T09:23:10 IST" skipped="1">
  <testcase classname="com.vk.demoTest.ignoreTest1" name="test3" time="0.007"/>
  <system-out/>
  <testcase classname="com.vk.demoTest.ignoreTest1" name="test1">
    <skipped/>
  </testcase> <!-- test1 -->
  <system-out/>
</testsuite> <!-- com.vk.demoTest.ignoreTest1 -->
