<?xml version="1.0" encoding="UTF-8"?>
<!-- Generated by org.testng.reporters.JUnitReportReporter -->
<testsuite hostname="LAPTOP-28KS5UKO" failures="0" tests="3" name="com.vk.parallelTest.TestClass3" time="0.003" errors="0" timestamp="2022-01-28T20:27:42 IST" skipped="0">
  <testcase classname="com.vk.parallelTest.TestClass3" name="testMethod8" time="0.001"/>
  <system-out/>
  <testcase classname="com.vk.parallelTest.TestClass3" name="testMethod10" time="0.002"/>
  <system-out/>
  <testcase classname="com.vk.parallelTest.TestClass3" name="testMethod9" time="0.000"/>
  <system-out/>
</testsuite> <!-- com.vk.parallelTest.TestClass3 -->
