<?xml version="1.0" encoding="UTF-8"?>
<!-- Generated by org.testng.reporters.JUnitReportReporter -->
<testsuite hostname="LAPTOP-28KS5UKO" failures="0" tests="4" name="com.vk.dataProvider.parameterDataType" time="0.008" errors="0" timestamp="2022-01-18T11:47:54 IST" skipped="0">
  <testcase classname="com.vk.dataProvider.parameterDataType" name="testParameterType" time="0.006"/>
  <system-out/>
  <testcase classname="com.vk.dataProvider.parameterDataType" name="testParameterType" time="0.001"/>
  <system-out/>
  <testcase classname="com.vk.dataProvider.parameterDataType" name="testParameterType" time="0.001"/>
  <system-out/>
  <testcase classname="com.vk.dataProvider.parameterDataType" name="testParameterType" time="0.000"/>
  <system-out/>
</testsuite> <!-- com.vk.dataProvider.parameterDataType -->
