<?xml version="1.0" encoding="UTF-8"?>
<!-- Generated by org.testng.reporters.JUnitReportReporter -->
<testsuite hostname="LAPTOP-28KS5UKO" failures="0" tests="1" name="simpleTestNG.firstTest" time="0.008" errors="0" timestamp="2022-01-07T15:12:07 IST" skipped="0">
  <testcase classname="simpleTestNG.firstTest" name="foo" time="0.008"/>
  <system-out/>
</testsuite> <!-- simpleTestNG.firstTest -->
