<?xml version="1.0" encoding="UTF-8"?>
<!-- Generated by org.testng.reporters.JUnitReportReporter -->
<testsuite hostname="LAPTOP-28KS5UKO" failures="0" tests="2" name="com.vk.groupTest.ignoreTest2" time="0.001" errors="0" timestamp="2022-01-12T10:13:47 IST" skipped="0">
  <testcase classname="com.vk.groupTest.ignoreTest2" name="test5" time="0.001"/>
  <system-out/>
  <testcase classname="com.vk.groupTest.ignoreTest2" name="test7" time="0.000"/>
  <system-out/>
</testsuite> <!-- com.vk.groupTest.ignoreTest2 -->
