<?xml version="1.0" encoding="UTF-8"?>
<!-- Generated by org.testng.reporters.JUnitReportReporter -->
<testsuite hostname="LAPTOP-28KS5UKO" failures="0" tests="3" name="com.vk.dependencyTest.TestDependency" time="0.008" errors="0" timestamp="2022-01-13T17:29:07 IST" skipped="0">
  <testcase classname="com.vk.dependencyTest.TestDependency" name="trackShipment" time="0.001"/>
  <system-out/>
  <testcase classname="com.vk.dependencyTest.TestDependency" name="createShipment" time="0.006"/>
  <system-out/>
  <testcase classname="com.vk.dependencyTest.TestDependency" name="cancelShipment" time="0.001"/>
  <system-out/>
</testsuite> <!-- com.vk.dependencyTest.TestDependency -->
